<?xml version="1.0" encoding="UTF-8"?>
<testng-results skipped="0" failed="0" ignored="0" total="1" passed="1">
  <reporter-output>
  </reporter-output>
  <suite name="Suite" duration-ms="18281" started-at="2021-09-19T10:12:43Z" finished-at="2021-09-19T10:13:01Z">
    <groups>
    </groups>
    <test name="Test" duration-ms="18281" started-at="2021-09-19T10:12:43Z" finished-at="2021-09-19T10:13:01Z">
      <class name="com.pages.test.MainTest">
        <test-method status="PASS" signature="openBrowser(java.lang.String)[pri:0, instance:com.pages.test.MainTest@1a3869f4]" name="openBrowser" is-config="true" duration-ms="9800" started-at="2021-09-19T10:12:43Z" finished-at="2021-09-19T10:12:53Z">
          <params>
            <param index="0">
              <value>
                <![CDATA[Chrome]]>
              </value>
            </param>
          </params>
          <reporter-output>
          </reporter-output>
        </test-method> <!-- openBrowser -->
        <test-method status="PASS" signature="test()[pri:0, instance:com.pages.test.MainTest@1a3869f4]" name="test" duration-ms="8157" started-at="2021-09-19T10:12:53Z" finished-at="2021-09-19T10:13:01Z">
          <reporter-output>
          </reporter-output>
        </test-method> <!-- test -->
        <test-method status="PASS" signature="closeBrowser()[pri:0, instance:com.pages.test.MainTest@1a3869f4]" name="closeBrowser" is-config="true" duration-ms="281" started-at="2021-09-19T10:13:01Z" finished-at="2021-09-19T10:13:01Z">
          <reporter-output>
          </reporter-output>
        </test-method> <!-- closeBrowser -->
      </class> <!-- com.pages.test.MainTest -->
    </test> <!-- Test -->
  </suite> <!-- Suite -->
</testng-results>
